This file contains any messages produced by compilers while
running configure, to aid debugging if configure makes a mistake.

It was created by memcached configure 1.2.6, which was
generated by GNU Autoconf 2.61.  Invocation command line was

  $ ./configure 

## --------- ##
## Platform. ##
## --------- ##

hostname = apophxf130dh1
uname -m = i686
uname -r = 2.6.27-11-generic
uname -s = Linux
uname -v = #1 SMP Thu Jan 29 19:24:39 UTC 2009

/usr/bin/uname -p = unknown
/bin/uname -X     = unknown

/bin/arch              = unknown
/usr/bin/arch -k       = unknown
/usr/convex/getsysinfo = unknown
/usr/bin/hostinfo      = unknown
/bin/machine           = unknown
/usr/bin/oslevel       = unknown
/bin/universe          = unknown

PATH: /home/ccarey/bin
PATH: /usr/local/sbin
PATH: /usr/local/bin
PATH: /usr/sbin
PATH: /usr/bin
PATH: /sbin
PATH: /bin
PATH: /usr/games


## ----------- ##
## Core tests. ##
## ----------- ##

configure:1794: checking build system type
configure:1812: result: i686-pc-linux-gnu
configure:1834: checking host system type
configure:1849: result: i686-pc-linux-gnu
configure:1871: checking target system type
configure:1886: result: i686-pc-linux-gnu
configure:1930: checking for a BSD-compatible install
configure:1986: result: /usr/bin/install -c
configure:1997: checking whether build environment is sane
configure:2040: result: yes
configure:2068: checking for a thread-safe mkdir -p
configure:2107: result: /bin/mkdir -p
configure:2120: checking for gawk
configure:2150: result: no
configure:2120: checking for mawk
configure:2136: found /usr/bin/mawk
configure:2147: result: mawk
configure:2158: checking whether make sets $(MAKE)
configure:2179: result: yes
configure:2418: checking for gcc
configure:2434: found /usr/bin/gcc
configure:2445: result: gcc
configure:2683: checking for C compiler version
configure:2690: gcc --version >&5
gcc (Ubuntu 4.3.2-1ubuntu12) 4.3.2
Copyright (C) 2008 Free Software Foundation, Inc.
This is free software; see the source for copying conditions.  There is NO
warranty; not even for MERCHANTABILITY or FITNESS FOR A PARTICULAR PURPOSE.

configure:2693: $? = 0
configure:2700: gcc -v >&5
Using built-in specs.
Target: i486-linux-gnu
Configured with: ../src/configure -v --with-pkgversion='Ubuntu 4.3.2-1ubuntu12' --with-bugurl=file:///usr/share/doc/gcc-4.3/README.Bugs --enable-languages=c,c++,fortran,objc,obj-c++ --prefix=/usr --enable-shared --with-system-zlib --libexecdir=/usr/lib --without-included-gettext --enable-threads=posix --enable-nls --with-gxx-include-dir=/usr/include/c++/4.3 --program-suffix=-4.3 --enable-clocale=gnu --enable-libstdcxx-debug --enable-objc-gc --enable-mpfr --enable-targets=all --enable-checking=release --build=i486-linux-gnu --host=i486-linux-gnu --target=i486-linux-gnu
Thread model: posix
gcc version 4.3.2 (Ubuntu 4.3.2-1ubuntu12) 
configure:2703: $? = 0
configure:2710: gcc -V >&5
gcc: '-V' option must have argument
configure:2713: $? = 1
configure:2736: checking for C compiler default output file name
configure:2763: gcc    conftest.c  >&5
configure:2766: $? = 0
configure:2804: result: a.out
configure:2821: checking whether the C compiler works
configure:2831: ./a.out
configure:2834: $? = 0
configure:2851: result: yes
configure:2858: checking whether we are cross compiling
configure:2860: result: no
configure:2863: checking for suffix of executables
configure:2870: gcc -o conftest    conftest.c  >&5
configure:2873: $? = 0
configure:2897: result: 
configure:2903: checking for suffix of object files
configure:2929: gcc -c   conftest.c >&5
configure:2932: $? = 0
configure:2955: result: o
configure:2959: checking whether we are using the GNU C compiler
configure:2988: gcc -c   conftest.c >&5
configure:2994: $? = 0
configure:3011: result: yes
configure:3016: checking whether gcc accepts -g
configure:3046: gcc -c -g  conftest.c >&5
configure:3052: $? = 0
configure:3151: result: yes
configure:3168: checking for gcc option to accept ISO C89
configure:3242: gcc  -c -g -O2  conftest.c >&5
configure:3248: $? = 0
configure:3271: result: none needed
configure:3300: checking for style of include used by make
configure:3328: result: GNU
configure:3353: checking dependency style of gcc
configure:3444: result: gcc3
configure:3460: checking whether gcc and cc understand -c and -o together
configure:3495: gcc -c conftest.c -o conftest2.o >&5
configure:3498: $? = 0
configure:3504: gcc -c conftest.c -o conftest2.o >&5
configure:3507: $? = 0
configure:3518: cc -c conftest.c >&5
configure:3521: $? = 0
configure:3529: cc -c conftest.c -o conftest2.o >&5
configure:3532: $? = 0
configure:3538: cc -c conftest.c -o conftest2.o >&5
configure:3541: $? = 0
configure:3559: result: yes
configure:3598: checking for a BSD-compatible install
configure:3654: result: /usr/bin/install -c
configure:3830: checking for libevent directory
configure:3884: gcc -o conftest -g -O2   conftest.c  -levent >&5
configure:3890: $? = 0
configure:3932: result: (system)
configure:3951: checking for library containing socket
configure:3992: gcc -o conftest -g -O2   conftest.c  -levent >&5
configure:3998: $? = 0
configure:4026: result: none required
configure:4034: checking for library containing gethostbyname
configure:4075: gcc -o conftest -g -O2   conftest.c  -levent >&5
configure:4081: $? = 0
configure:4109: result: none required
configure:4117: checking for library containing mallinfo
configure:4158: gcc -o conftest -g -O2   conftest.c  -levent >&5
configure:4164: $? = 0
configure:4192: result: none required
configure:4201: checking for daemon
configure:4257: gcc -o conftest -g -O2   conftest.c  -levent >&5
configure:4263: $? = 0
configure:4280: result: yes
configure:4299: checking how to run the C preprocessor
configure:4339: gcc -E  conftest.c
configure:4345: $? = 0
configure:4376: gcc -E  conftest.c
conftest.c:12:28: error: ac_nonexistent.h: No such file or directory
configure:4382: $? = 1
configure: failed program was:
| /* confdefs.h.  */
| #define PACKAGE_NAME "memcached"
| #define PACKAGE_TARNAME "memcached"
| #define PACKAGE_VERSION "1.2.6"
| #define PACKAGE_STRING "memcached 1.2.6"
| #define PACKAGE_BUGREPORT "brad@danga.com"
| #define PACKAGE "memcached"
| #define VERSION "1.2.6"
| #define ENABLE_DTRACE 0
| #define HAVE_DAEMON
| /* end confdefs.h.  */
| #include <ac_nonexistent.h>
configure:4415: result: gcc -E
configure:4444: gcc -E  conftest.c
configure:4450: $? = 0
configure:4481: gcc -E  conftest.c
conftest.c:12:28: error: ac_nonexistent.h: No such file or directory
configure:4487: $? = 1
configure: failed program was:
| /* confdefs.h.  */
| #define PACKAGE_NAME "memcached"
| #define PACKAGE_TARNAME "memcached"
| #define PACKAGE_VERSION "1.2.6"
| #define PACKAGE_STRING "memcached 1.2.6"
| #define PACKAGE_BUGREPORT "brad@danga.com"
| #define PACKAGE "memcached"
| #define VERSION "1.2.6"
| #define ENABLE_DTRACE 0
| #define HAVE_DAEMON
| /* end confdefs.h.  */
| #include <ac_nonexistent.h>
configure:4525: checking for grep that handles long lines and -e
configure:4599: result: /bin/grep
configure:4604: checking for egrep
configure:4682: result: /bin/grep -E
configure:4687: checking for ANSI C header files
configure:4717: gcc -c -g -O2  conftest.c >&5
configure:4723: $? = 0
configure:4822: gcc -o conftest -g -O2   conftest.c  -levent >&5
configure:4825: $? = 0
configure:4831: ./conftest
configure:4834: $? = 0
configure:4851: result: yes
configure:4875: checking for sys/types.h
configure:4896: gcc -c -g -O2  conftest.c >&5
configure:4902: $? = 0
configure:4918: result: yes
configure:4875: checking for sys/stat.h
configure:4896: gcc -c -g -O2  conftest.c >&5
configure:4902: $? = 0
configure:4918: result: yes
configure:4875: checking for stdlib.h
configure:4896: gcc -c -g -O2  conftest.c >&5
configure:4902: $? = 0
configure:4918: result: yes
configure:4875: checking for string.h
configure:4896: gcc -c -g -O2  conftest.c >&5
configure:4902: $? = 0
configure:4918: result: yes
configure:4875: checking for memory.h
configure:4896: gcc -c -g -O2  conftest.c >&5
configure:4902: $? = 0
configure:4918: result: yes
configure:4875: checking for strings.h
configure:4896: gcc -c -g -O2  conftest.c >&5
configure:4902: $? = 0
configure:4918: result: yes
configure:4875: checking for inttypes.h
configure:4896: gcc -c -g -O2  conftest.c >&5
configure:4902: $? = 0
configure:4918: result: yes
configure:4875: checking for stdint.h
configure:4896: gcc -c -g -O2  conftest.c >&5
configure:4902: $? = 0
configure:4918: result: yes
configure:4875: checking for unistd.h
configure:4896: gcc -c -g -O2  conftest.c >&5
configure:4902: $? = 0
configure:4918: result: yes
configure:4930: checking for stdbool.h that conforms to C99
configure:5023: gcc -c -g -O2  conftest.c >&5
configure:5029: $? = 0
configure:5044: result: yes
configure:5046: checking for _Bool
configure:5076: gcc -c -g -O2  conftest.c >&5
configure:5082: $? = 0
configure:5097: result: yes
configure:5116: checking for an ANSI C-conforming const
configure:5191: gcc -c -g -O2  conftest.c >&5
configure:5197: $? = 0
configure:5212: result: yes
configure:5232: checking malloc.h usability
configure:5249: gcc -c -g -O2  conftest.c >&5
configure:5255: $? = 0
configure:5269: result: yes
configure:5273: checking malloc.h presence
configure:5288: gcc -E  conftest.c
configure:5294: $? = 0
configure:5308: result: yes
configure:5341: checking for malloc.h
configure:5348: result: yes
configure:5361: checking for struct mallinfo.arena
configure:5393: gcc -c -g -O2  conftest.c >&5
configure:5399: $? = 0
configure:5460: result: yes
configure:5475: checking for socklen_t
configure:5507: gcc -c -g -O2  conftest.c >&5
configure:5513: $? = 0
configure:5533: result: yes
configure:5546: checking for endianness
configure:5584: gcc -o conftest -g -O2   conftest.c  -levent >&5
conftest.c: In function 'main':
conftest.c:32: warning: incompatible implicit declaration of built-in function 'exit'
configure:5587: $? = 0
configure:5593: ./conftest
configure:5596: $? = 1
configure: program exited with status 1
configure: failed program was:
| /* confdefs.h.  */
| #define PACKAGE_NAME "memcached"
| #define PACKAGE_TARNAME "memcached"
| #define PACKAGE_VERSION "1.2.6"
| #define PACKAGE_STRING "memcached 1.2.6"
| #define PACKAGE_BUGREPORT "brad@danga.com"
| #define PACKAGE "memcached"
| #define VERSION "1.2.6"
| #define ENABLE_DTRACE 0
| #define HAVE_DAEMON
| #define STDC_HEADERS 1
| #define HAVE_SYS_TYPES_H 1
| #define HAVE_SYS_STAT_H 1
| #define HAVE_STDLIB_H 1
| #define HAVE_STRING_H 1
| #define HAVE_MEMORY_H 1
| #define HAVE_STRINGS_H 1
| #define HAVE_INTTYPES_H 1
| #define HAVE_STDINT_H 1
| #define HAVE_UNISTD_H 1
| #define HAVE__BOOL 1
| #define HAVE_STDBOOL_H 1
| #define HAVE_MALLOC_H
| #define HAVE_STRUCT_MALLINFO
| /* end confdefs.h.  */
| 
| int
| main ()
| {
|         long val = 1;
|         char *c = (char *) &val;
|         exit(*c == 1);
| 
|   ;
|   return 0;
| }
| 
configure:5617: result: little
configure:5802: checking for mlockall
configure:5858: gcc -o conftest -g -O2   conftest.c  -levent >&5
configure:5864: $? = 0
configure:5882: result: yes
configure:5896: checking for getpagesizes
configure:5952: gcc -o conftest -g -O2   conftest.c  -levent >&5
/tmp/ccsfY6hQ.o: In function `main':
/home/ccarey/src/dolomite/tmp/memcached-1.2.6/conftest.c:62: undefined reference to `getpagesizes'
collect2: ld returned 1 exit status
configure:5958: $? = 1
configure: failed program was:
| /* confdefs.h.  */
| #define PACKAGE_NAME "memcached"
| #define PACKAGE_TARNAME "memcached"
| #define PACKAGE_VERSION "1.2.6"
| #define PACKAGE_STRING "memcached 1.2.6"
| #define PACKAGE_BUGREPORT "brad@danga.com"
| #define PACKAGE "memcached"
| #define VERSION "1.2.6"
| #define ENABLE_DTRACE 0
| #define HAVE_DAEMON
| #define STDC_HEADERS 1
| #define HAVE_SYS_TYPES_H 1
| #define HAVE_SYS_STAT_H 1
| #define HAVE_STDLIB_H 1
| #define HAVE_STRING_H 1
| #define HAVE_MEMORY_H 1
| #define HAVE_STRINGS_H 1
| #define HAVE_INTTYPES_H 1
| #define HAVE_STDINT_H 1
| #define HAVE_UNISTD_H 1
| #define HAVE__BOOL 1
| #define HAVE_STDBOOL_H 1
| #define HAVE_MALLOC_H
| #define HAVE_STRUCT_MALLINFO
| #define ENDIAN_LITTLE 1
| #define HAVE_MLOCKALL 1
| /* end confdefs.h.  */
| /* Define getpagesizes to an innocuous variant, in case <limits.h> declares getpagesizes.
|    For example, HP-UX 11i <limits.h> declares gettimeofday.  */
| #define getpagesizes innocuous_getpagesizes
| 
| /* System header to define __stub macros and hopefully few prototypes,
|     which can conflict with char getpagesizes (); below.
|     Prefer <limits.h> to <assert.h> if __STDC__ is defined, since
|     <limits.h> exists even on freestanding compilers.  */
| 
| #ifdef __STDC__
| # include <limits.h>
| #else
| # include <assert.h>
| #endif
| 
| #undef getpagesizes
| 
| /* Override any GCC internal prototype to avoid an error.
|    Use char because int might match the return type of a GCC
|    builtin and then its argument prototype would still apply.  */
| #ifdef __cplusplus
| extern "C"
| #endif
| char getpagesizes ();
| /* The GNU C library defines this for functions which it implements
|     to always fail with ENOSYS.  Some functions are actually named
|     something starting with __ and the normal name is an alias.  */
| #if defined __stub_getpagesizes || defined __stub___getpagesizes
| choke me
| #endif
| 
| int
| main ()
| {
| return getpagesizes ();
|   ;
|   return 0;
| }
configure:5976: result: no
configure:5990: checking for memcntl
configure:6046: gcc -o conftest -g -O2   conftest.c  -levent >&5
/tmp/ccwSiWj1.o: In function `main':
/home/ccarey/src/dolomite/tmp/memcached-1.2.6/conftest.c:62: undefined reference to `memcntl'
collect2: ld returned 1 exit status
configure:6052: $? = 1
configure: failed program was:
| /* confdefs.h.  */
| #define PACKAGE_NAME "memcached"
| #define PACKAGE_TARNAME "memcached"
| #define PACKAGE_VERSION "1.2.6"
| #define PACKAGE_STRING "memcached 1.2.6"
| #define PACKAGE_BUGREPORT "brad@danga.com"
| #define PACKAGE "memcached"
| #define VERSION "1.2.6"
| #define ENABLE_DTRACE 0
| #define HAVE_DAEMON
| #define STDC_HEADERS 1
| #define HAVE_SYS_TYPES_H 1
| #define HAVE_SYS_STAT_H 1
| #define HAVE_STDLIB_H 1
| #define HAVE_STRING_H 1
| #define HAVE_MEMORY_H 1
| #define HAVE_STRINGS_H 1
| #define HAVE_INTTYPES_H 1
| #define HAVE_STDINT_H 1
| #define HAVE_UNISTD_H 1
| #define HAVE__BOOL 1
| #define HAVE_STDBOOL_H 1
| #define HAVE_MALLOC_H
| #define HAVE_STRUCT_MALLINFO
| #define ENDIAN_LITTLE 1
| #define HAVE_MLOCKALL 1
| /* end confdefs.h.  */
| /* Define memcntl to an innocuous variant, in case <limits.h> declares memcntl.
|    For example, HP-UX 11i <limits.h> declares gettimeofday.  */
| #define memcntl innocuous_memcntl
| 
| /* System header to define __stub macros and hopefully few prototypes,
|     which can conflict with char memcntl (); below.
|     Prefer <limits.h> to <assert.h> if __STDC__ is defined, since
|     <limits.h> exists even on freestanding compilers.  */
| 
| #ifdef __STDC__
| # include <limits.h>
| #else
| # include <assert.h>
| #endif
| 
| #undef memcntl
| 
| /* Override any GCC internal prototype to avoid an error.
|    Use char because int might match the return type of a GCC
|    builtin and then its argument prototype would still apply.  */
| #ifdef __cplusplus
| extern "C"
| #endif
| char memcntl ();
| /* The GNU C library defines this for functions which it implements
|     to always fail with ENOSYS.  Some functions are actually named
|     something starting with __ and the normal name is an alias.  */
| #if defined __stub_memcntl || defined __stub___memcntl
| choke me
| #endif
| 
| int
| main ()
| {
| return memcntl ();
|   ;
|   return 0;
| }
configure:6070: result: no
configure:6197: creating ./config.status

## ---------------------- ##
## Running config.status. ##
## ---------------------- ##

This file was extended by memcached config.status 1.2.6, which was
generated by GNU Autoconf 2.61.  Invocation command line was

  CONFIG_FILES    = 
  CONFIG_HEADERS  = 
  CONFIG_LINKS    = 
  CONFIG_COMMANDS = 
  $ ./config.status 

on apophxf130dh1

config.status:651: creating Makefile
config.status:651: creating doc/Makefile
config.status:651: creating config.h
config.status:885: config.h is unchanged
config.status:932: executing depfiles commands

## ---------------- ##
## Cache variables. ##
## ---------------- ##

ac_cv_build=i686-pc-linux-gnu
ac_cv_c_compiler_gnu=yes
ac_cv_c_const=yes
ac_cv_c_endian=little
ac_cv_c_socklen_t=yes
ac_cv_env_CC_set=
ac_cv_env_CC_value=
ac_cv_env_CFLAGS_set=
ac_cv_env_CFLAGS_value=
ac_cv_env_CPPFLAGS_set=
ac_cv_env_CPPFLAGS_value=
ac_cv_env_CPP_set=
ac_cv_env_CPP_value=
ac_cv_env_LDFLAGS_set=
ac_cv_env_LDFLAGS_value=
ac_cv_env_LIBS_set=
ac_cv_env_LIBS_value=
ac_cv_env_build_alias_set=
ac_cv_env_build_alias_value=
ac_cv_env_host_alias_set=
ac_cv_env_host_alias_value=
ac_cv_env_target_alias_set=
ac_cv_env_target_alias_value=
ac_cv_func_daemon=yes
ac_cv_func_getpagesizes=no
ac_cv_func_memcntl=no
ac_cv_func_mlockall=yes
ac_cv_header_inttypes_h=yes
ac_cv_header_malloc_h=yes
ac_cv_header_memory_h=yes
ac_cv_header_stdbool_h=yes
ac_cv_header_stdc=yes
ac_cv_header_stdint_h=yes
ac_cv_header_stdlib_h=yes
ac_cv_header_string_h=yes
ac_cv_header_strings_h=yes
ac_cv_header_sys_stat_h=yes
ac_cv_header_sys_types_h=yes
ac_cv_header_unistd_h=yes
ac_cv_host=i686-pc-linux-gnu
ac_cv_libevent_dir='(system)'
ac_cv_member_struct_mallinfo_arena=yes
ac_cv_objext=o
ac_cv_path_EGREP='/bin/grep -E'
ac_cv_path_GREP=/bin/grep
ac_cv_path_install='/usr/bin/install -c'
ac_cv_path_mkdir=/bin/mkdir
ac_cv_prog_AWK=mawk
ac_cv_prog_CPP='gcc -E'
ac_cv_prog_ac_ct_CC=gcc
ac_cv_prog_cc_c89=
ac_cv_prog_cc_g=yes
ac_cv_prog_cc_gcc_c_o=yes
ac_cv_prog_make_make_set=yes
ac_cv_search_gethostbyname='none required'
ac_cv_search_mallinfo='none required'
ac_cv_search_socket='none required'
ac_cv_target=i686-pc-linux-gnu
ac_cv_type__Bool=yes
am_cv_CC_dependencies_compiler_type=gcc3

## ----------------- ##
## Output variables. ##
## ----------------- ##

ACLOCAL='${SHELL} /home/ccarey/src/dolomite/tmp/memcached-1.2.6/missing --run aclocal-1.10'
AMDEPBACKSLASH='\'
AMDEP_FALSE='#'
AMDEP_TRUE=''
AMTAR='${SHELL} /home/ccarey/src/dolomite/tmp/memcached-1.2.6/missing --run tar'
AUTOCONF='${SHELL} /home/ccarey/src/dolomite/tmp/memcached-1.2.6/missing --run autoconf'
AUTOHEADER='${SHELL} /home/ccarey/src/dolomite/tmp/memcached-1.2.6/missing --run autoheader'
AUTOMAKE='${SHELL} /home/ccarey/src/dolomite/tmp/memcached-1.2.6/missing --run automake-1.10'
AWK='mawk'
CC='gcc'
CCDEPMODE='depmode=gcc3'
CFLAGS='-g -O2'
CPP='gcc -E'
CPPFLAGS=''
CYGPATH_W='echo'
DAEMON_OBJ=''
DEFS='-DHAVE_CONFIG_H'
DEPDIR='.deps'
DTRACE=''
DTRACEFLAGS=''
DTRACE_DEBUG_OBJ=''
DTRACE_OBJ=''
ECHO_C=''
ECHO_N='-n'
ECHO_T=''
EGREP='/bin/grep -E'
EXEEXT=''
GREP='/bin/grep'
INSTALL_DATA='${INSTALL} -m 644'
INSTALL_PROGRAM='${INSTALL}'
INSTALL_SCRIPT='${INSTALL}'
INSTALL_STRIP_PROGRAM='$(install_sh) -c -s'
LDFLAGS=''
LIBOBJS=''
LIBS=' -levent'
LTLIBOBJS=''
MAKEINFO='${SHELL} /home/ccarey/src/dolomite/tmp/memcached-1.2.6/missing --run makeinfo'
OBJEXT='o'
PACKAGE='memcached'
PACKAGE_BUGREPORT='brad@danga.com'
PACKAGE_NAME='memcached'
PACKAGE_STRING='memcached 1.2.6'
PACKAGE_TARNAME='memcached'
PACKAGE_VERSION='1.2.6'
PATH_SEPARATOR=':'
SET_MAKE=''
SHELL='/bin/bash'
STRIP=''
VERSION='1.2.6'
ac_ct_CC='gcc'
am__fastdepCC_FALSE='#'
am__fastdepCC_TRUE=''
am__include='include'
am__isrc=''
am__leading_dot='.'
am__quote=''
am__tar='${AMTAR} chof - "$$tardir"'
am__untar='${AMTAR} xf -'
bindir='${exec_prefix}/bin'
build='i686-pc-linux-gnu'
build_alias=''
build_cpu='i686'
build_os='linux-gnu'
build_vendor='pc'
datadir='${datarootdir}'
datarootdir='${prefix}/share'
docdir='${datarootdir}/doc/${PACKAGE_TARNAME}'
dvidir='${docdir}'
exec_prefix='${prefix}'
host='i686-pc-linux-gnu'
host_alias=''
host_cpu='i686'
host_os='linux-gnu'
host_vendor='pc'
htmldir='${docdir}'
includedir='${prefix}/include'
infodir='${datarootdir}/info'
install_sh='$(SHELL) /home/ccarey/src/dolomite/tmp/memcached-1.2.6/install-sh'
libdir='${exec_prefix}/lib'
libexecdir='${exec_prefix}/libexec'
localedir='${datarootdir}/locale'
localstatedir='${prefix}/var'
mandir='${datarootdir}/man'
mkdir_p='/bin/mkdir -p'
oldincludedir='/usr/include'
pdfdir='${docdir}'
prefix='/usr/local'
program_transform_name='s,x,x,'
psdir='${docdir}'
sbindir='${exec_prefix}/sbin'
sharedstatedir='${prefix}/com'
sysconfdir='${prefix}/etc'
target='i686-pc-linux-gnu'
target_alias=''
target_cpu='i686'
target_os='linux-gnu'
target_vendor='pc'

## ----------- ##
## confdefs.h. ##
## ----------- ##

#define PACKAGE_NAME "memcached"
#define PACKAGE_TARNAME "memcached"
#define PACKAGE_VERSION "1.2.6"
#define PACKAGE_STRING "memcached 1.2.6"
#define PACKAGE_BUGREPORT "brad@danga.com"
#define PACKAGE "memcached"
#define VERSION "1.2.6"
#define ENABLE_DTRACE 0
#define HAVE_DAEMON
#define STDC_HEADERS 1
#define HAVE_SYS_TYPES_H 1
#define HAVE_SYS_STAT_H 1
#define HAVE_STDLIB_H 1
#define HAVE_STRING_H 1
#define HAVE_MEMORY_H 1
#define HAVE_STRINGS_H 1
#define HAVE_INTTYPES_H 1
#define HAVE_STDINT_H 1
#define HAVE_UNISTD_H 1
#define HAVE__BOOL 1
#define HAVE_STDBOOL_H 1
#define HAVE_MALLOC_H
#define HAVE_STRUCT_MALLINFO
#define ENDIAN_LITTLE 1
#define HAVE_MLOCKALL 1

configure: exit 0
